<?xml version="1.0" encoding="UTF-8"?>
<testng-results ignored="0" total="1" passed="0" failed="1" skipped="0">
  <reporter-output>
  </reporter-output>
  <suite started-at="2020-10-25T17:15:03Z" name="Default suite" finished-at="2020-10-25T17:15:24Z" duration-ms="20763">
    <groups>
    </groups>
    <test started-at="2020-10-25T17:15:03Z" name="Default test" finished-at="2020-10-25T17:15:24Z" duration-ms="20763">
      <class name="com.tataaig.testcases.PurchaseCarInsuranceTest">
        <test-method signature="purchaseCarInsurance(java.util.Hashtable)[pri:0, instance:com.tataaig.testcases.PurchaseCarInsuranceTest@3f6f6701]" started-at="2020-10-25T22:45:15Z" name="purchaseCarInsurance" data-provider="dp" finished-at="2020-10-25T22:45:24Z" duration-ms="8208" status="FAIL">
          <params>
            <param index="0">
              <value>
                <![CDATA[{carRegNumber=MH01AB1234,  variant=1.2 trend, brandModal=Figo, runmode=Y, brandName=Ford, mobileNumber=9527630419, previousPolicyEndDate=01/01/2018, purchaseDate=01/2012}]]>
              </value>
            </param>
          </params>
          <exception class="java.lang.NullPointerException">
            <full-stacktrace>
              <![CDATA[java.lang.NullPointerException
	at com.tataaig.base.Page.selectFromOptions(Page.java:164)
	at com.tataaig.pages.VehicleTypePage.selectVehicleTypeDetails(VehicleTypePage.java:17)
	at com.tataaig.testcases.PurchaseCarInsuranceTest.purchaseCarInsurance(PurchaseCarInsuranceTest.java:26)
	at java.base/jdk.internal.reflect.NativeMethodAccessorImpl.invoke0(Native Method)
	at java.base/jdk.internal.reflect.NativeMethodAccessorImpl.invoke(NativeMethodAccessorImpl.java:62)
	at java.base/jdk.internal.reflect.DelegatingMethodAccessorImpl.invoke(DelegatingMethodAccessorImpl.java:43)
	at java.base/java.lang.reflect.Method.invoke(Method.java:567)
	at org.testng.internal.MethodInvocationHelper.invokeMethod(MethodInvocationHelper.java:108)
	at org.testng.internal.Invoker.invokeMethod(Invoker.java:661)
	at org.testng.internal.Invoker.invokeTestMethod(Invoker.java:869)
	at org.testng.internal.Invoker.invokeTestMethods(Invoker.java:1193)
	at org.testng.internal.TestMethodWorker.invokeTestMethods(TestMethodWorker.java:126)
	at org.testng.internal.TestMethodWorker.run(TestMethodWorker.java:109)
	at org.testng.TestRunner.privateRun(TestRunner.java:744)
	at org.testng.TestRunner.run(TestRunner.java:602)
	at org.testng.SuiteRunner.runTest(SuiteRunner.java:380)
	at org.testng.SuiteRunner.runSequentially(SuiteRunner.java:375)
	at org.testng.SuiteRunner.privateRun(SuiteRunner.java:340)
	at org.testng.SuiteRunner.run(SuiteRunner.java:289)
	at org.testng.SuiteRunnerWorker.runSuite(SuiteRunnerWorker.java:52)
	at org.testng.SuiteRunnerWorker.run(SuiteRunnerWorker.java:86)
	at org.testng.TestNG.runSuitesSequentially(TestNG.java:1301)
	at org.testng.TestNG.runSuitesLocally(TestNG.java:1226)
	at org.testng.TestNG.runSuites(TestNG.java:1144)
	at org.testng.TestNG.run(TestNG.java:1115)
	at org.testng.remote.AbstractRemoteTestNG.run(AbstractRemoteTestNG.java:115)
	at org.testng.remote.RemoteTestNG.initAndRun(RemoteTestNG.java:251)
	at org.testng.remote.RemoteTestNG.main(RemoteTestNG.java:77)
]]>
            </full-stacktrace>
          </exception> <!-- java.lang.NullPointerException -->
          <reporter-output>
          </reporter-output>
        </test-method> <!-- purchaseCarInsurance -->
        <test-method is-config="true" signature="tearDown()[pri:0, instance:com.tataaig.testcases.PurchaseCarInsuranceTest@3f6f6701]" started-at="2020-10-25T22:45:24Z" name="tearDown" finished-at="2020-10-25T22:45:25Z" duration-ms="1373" status="PASS">
          <reporter-output>
          </reporter-output>
        </test-method> <!-- tearDown -->
      </class> <!-- com.tataaig.testcases.PurchaseCarInsuranceTest -->
    </test> <!-- Default test -->
  </suite> <!-- Default suite -->
</testng-results>
