<?xml version="1.0" encoding="UTF-8"?>
<testng-results ignored="0" total="1" passed="1" failed="0" skipped="0">
  <reporter-output>
  </reporter-output>
  <suite started-at="2020-10-25T09:06:33Z" name="Page Object Model" finished-at="2020-10-25T09:06:37Z" duration-ms="3724">
    <groups>
    </groups>
    <test started-at="2020-10-25T09:06:33Z" name="Car Details Page Test" finished-at="2020-10-25T09:06:37Z" duration-ms="3724">
      <class name="com.tataaig.testcases.CarDetailsPageTest">
        <test-method signature="carDetailsPageTest()[pri:0, instance:com.tataaig.testcases.CarDetailsPageTest@3e134896]" started-at="2020-10-25T14:36:33Z" name="carDetailsPageTest" finished-at="2020-10-25T14:36:36Z" duration-ms="2822" status="PASS">
          <reporter-output>
          </reporter-output>
        </test-method> <!-- carDetailsPageTest -->
        <test-method is-config="true" signature="tearDown()[pri:0, instance:com.tataaig.testcases.CarDetailsPageTest@3e134896]" started-at="2020-10-25T14:36:37Z" name="tearDown" finished-at="2020-10-25T14:36:38Z" duration-ms="1425" status="PASS">
          <reporter-output>
          </reporter-output>
        </test-method> <!-- tearDown -->
      </class> <!-- com.tataaig.testcases.CarDetailsPageTest -->
    </test> <!-- Car Details Page Test -->
  </suite> <!-- Page Object Model -->
</testng-results>
